<?xml version="1.0" encoding="UTF-8"?>
<testng-results total="1" passed="1" failed="0" skipped="0">
  <reporter-output>
  </reporter-output>
  <suite started-at="2018-07-07T17:05:01Z" name="Default suite" finished-at="2018-07-07T17:05:24Z" duration-ms="22306">
    <groups>
    </groups>
    <test started-at="2018-07-07T17:05:01Z" name="Default test" finished-at="2018-07-07T17:05:24Z" duration-ms="22306">
      <class name="important.BaseClass">
        <test-method signature="setupApplication()[pri:0, instance:important.BaseClass@e4487af]" started-at="2018-07-07T10:05:01Z" name="setupApplication" finished-at="2018-07-07T10:05:24Z" duration-ms="22274" status="PASS">
          <reporter-output>
          </reporter-output>
        </test-method> <!-- setupApplication -->
      </class> <!-- important.BaseClass -->
    </test> <!-- Default test -->
  </suite> <!-- Default suite -->
</testng-results>
